Arguments: 
  /usr/local/bin/node /home/gdubs/.yarn/bin/yarn.js add bootstrap-cons

PATH: 
  /media/gdubs/Extension1/Projects/py_serverless_example/venv/bin:/home/gdubs/.deno/bin:/home/gdubs/.yarn/bin:/home/gdubs/.config/yarn/global/node_modules/.bin:/media/gdubs/Extension1/applications/anaconda3/bin:/usr/local/sbin:/usr/local/bin:/usr/sbin:/usr/bin:/sbin:/bin:/usr/games:/usr/local/games:/snap/bin:/home/gdubs/.dotnet/tools

Yarn version: 
  1.22.4

Node version: 
  12.17.0

Platform: 
  linux x64

Trace: 
  Error: https://registry.yarnpkg.com/bootstrap-cons: Not found
      at Request.params.callback [as _callback] (/home/gdubs/.yarn/lib/cli.js:66987:18)
      at Request.self.callback (/home/gdubs/.yarn/lib/cli.js:140748:22)
      at Request.emit (events.js:315:20)
      at Request.<anonymous> (/home/gdubs/.yarn/lib/cli.js:141720:10)
      at Request.emit (events.js:315:20)
      at IncomingMessage.<anonymous> (/home/gdubs/.yarn/lib/cli.js:141642:12)
      at Object.onceWrapper (events.js:421:28)
      at IncomingMessage.emit (events.js:327:22)
      at endReadableNT (_stream_readable.js:1221:12)
      at processTicksAndRejections (internal/process/task_queues.js:84:21)

npm manifest: 
  No manifest

yarn manifest: 
  No manifest

Lockfile: 
  No lockfile
